<?xml version="1.0" encoding="UTF-8"?>
<!-- Generated by org.testng.reporters.JUnitXMLReporter -->
<testsuite ignored="2" hostname="DESKTOP-1S8TIOT" failures="1" tests="15" name="Test" time="93.209" errors="0" timestamp="2024-03-05T16:17:38 IST">
  <testcase classname="com.testattendancetracking.ViewAttendanceHistoryTest" name="TestDatePicker" time="1.393"/>
  <testcase classname="com.testattendancetracking.ViewAttendanceHistoryTest" name="testEnablingViewButtonWithValidDate" time="6.47"/>
  <testcase classname="com.testattendancetracking.ViewAttendanceHistoryTest" name="testErrorOnViewWithoutDate" time="1.388"/>
  <testcase classname="com.testattendancetracking.ViewAttendanceHistoryTest" name="testInvalidDateDisablesViewButton" time="1.256">
    <failure type="java.lang.AssertionError" message="View button is enabled for an invalid date">
      <![CDATA[java.lang.AssertionError: View button is enabled for an invalid date
at com.testattendancetracking.ViewAttendanceHistoryTest.testInvalidDateDisablesViewButton(ViewAttendanceHistoryTest.java:152)
at java.base/java.util.ArrayList.forEach(ArrayList.java:1511)
... Removed 27 stack frames]]>
    </failure>
  </testcase> <!-- testInvalidDateDisablesViewButton -->
  <testcase classname="com.testattendancetracking.ViewAttendanceHistoryTest" name="testNavigationToMyRecords" time="1.083"/>
  <testcase classname="com.testattendancetracking.ViewAttendanceHistoryTest" name="testPresenceOfDatePicker" time="1.198"/>
  <testcase classname="com.testattendancetracking.ViewAttendanceHistoryTest" name="testPresenceOfMyRecordsOption" time="1.073"/>
  <testcase classname="com.testattendancetracking.ViewAttendanceHistoryTest" name="testToShowUsersAttendanceHistory" time="15.875"/>
  <testcase classname="com.testattendancetracking.ViewAttendanceHistoryTest" name="testToVerifyUserAttendanceHistory" time="5.923"/>
  <testcase classname="com.testattendancetracking.ViewAttendanceHistoryTest" name="testViewButtonInitiallyEnabled" time="1.212"/>
  <testcase classname="com.testattendancetracking.ViewAttendanceHistoryTest" name="testViewWithValidDateDisplaysRecords" time="1.341"/>
  <testcase classname="com.testattendancetracking.AttendanceReportsValidationTest" name="testNavigationToAttendancReporttab" time="1.061"/>
  <testcase classname="com.testattendancetracking.AttendanceReportsValidationTest" name="testToShowUserAttendanceReport" time="7.952"/>
  <testcase classname="com.testattendancetracking.AttendanceReportsValidationTest" name="testToVerifyUserAttendanceInReports" time="25.532"/>
  <testcase classname="com.testattendancetracking.AttendanceReportsValidationTest" name="testToVerifyUserNameInReports" time="20.34"/>
  <testcase classname="com.commonutils.TestUtilsMethod" name="@AfterSuite closingBrowser" time="0.0">
    <ignored/>
  </testcase> <!-- @AfterSuite closingBrowser -->
  <testcase classname="com.commonutils.TestUtilsMethod" name="@BeforeSuite launchBrowser" time="0.0">
    <ignored/>
  </testcase> <!-- @BeforeSuite launchBrowser -->
</testsuite> <!-- Test -->
