<?xml version="1.0" encoding="UTF-8"?>
<testng-results ignored="0" total="3" passed="3" failed="0" skipped="0">
  <reporter-output>
  </reporter-output>
  <suite started-at="2024-03-13T18:03:00 IST" name="Default suite" finished-at="2024-03-13T18:03:26 IST" duration-ms="25880">
    <groups>
    </groups>
    <test started-at="2024-03-13T18:03:00 IST" name="Default test" finished-at="2024-03-13T18:03:26 IST" duration-ms="25880">
      <class name="com.orangehrm.admin.memberships.MembershipsOperationAutomateTest">
        <test-method is-config="true" signature="launchBrowser()[pri:0, instance:com.orangehrm.admin.memberships.MembershipsOperationAutomateTest@6f204a1a]" started-at="2024-03-13T18:02:52 IST" name="launchBrowser" finished-at="2024-03-13T18:03:00 IST" duration-ms="8565" status="PASS">
          <reporter-output>
          </reporter-output>
        </test-method> <!-- launchBrowser -->
        <test-method signature="addMembershiptest()[pri:0, instance:com.orangehrm.admin.memberships.MembershipsOperationAutomateTest@6f204a1a]" started-at="2024-03-13T18:03:00 IST" name="addMembershiptest" finished-at="2024-03-13T18:03:09 IST" duration-ms="8723" status="PASS">
          <reporter-output>
          </reporter-output>
        </test-method> <!-- addMembershiptest -->
        <test-method signature="deleteMembershiptest()[pri:0, instance:com.orangehrm.admin.memberships.MembershipsOperationAutomateTest@6f204a1a]" started-at="2024-03-13T18:03:09 IST" name="deleteMembershiptest" finished-at="2024-03-13T18:03:17 IST" duration-ms="7996" status="PASS">
          <reporter-output>
          </reporter-output>
        </test-method> <!-- deleteMembershiptest -->
        <test-method signature="updateMembershiptest()[pri:0, instance:com.orangehrm.admin.memberships.MembershipsOperationAutomateTest@6f204a1a]" started-at="2024-03-13T18:03:17 IST" name="updateMembershiptest" finished-at="2024-03-13T18:03:26 IST" duration-ms="9025" status="PASS">
          <reporter-output>
          </reporter-output>
        </test-method> <!-- updateMembershiptest -->
        <test-method is-config="true" signature="closingBrowser()[pri:0, instance:com.orangehrm.admin.memberships.MembershipsOperationAutomateTest@6f204a1a]" started-at="2024-03-13T18:03:26 IST" name="closingBrowser" finished-at="2024-03-13T18:03:26 IST" duration-ms="228" status="PASS">
          <reporter-output>
          </reporter-output>
        </test-method> <!-- closingBrowser -->
      </class> <!-- com.orangehrm.admin.memberships.MembershipsOperationAutomateTest -->
    </test> <!-- Default test -->
  </suite> <!-- Default suite -->
</testng-results>
