<?xml version="1.0" encoding="UTF-8"?>
<testng-results ignored="0" total="1" passed="1" failed="0" skipped="0">
  <reporter-output>
  </reporter-output>
  <suite started-at="2024-03-15T12:36:41 IST" name="Default suite" finished-at="2024-03-15T12:36:50 IST" duration-ms="8210">
    <groups>
    </groups>
    <test started-at="2024-03-15T12:36:41 IST" name="Default test" finished-at="2024-03-15T12:36:50 IST" duration-ms="8210">
      <class name="com.orangehrm.admin.memberships.MembershipsOperationAutomateTest">
        <test-method is-config="true" signature="launchBrowser()[pri:0, instance:com.orangehrm.admin.memberships.MembershipsOperationAutomateTest@5745ca0e]" started-at="2024-03-15T12:36:33 IST" name="launchBrowser" finished-at="2024-03-15T12:36:41 IST" duration-ms="8400" status="PASS">
          <reporter-output>
          </reporter-output>
        </test-method> <!-- launchBrowser -->
        <test-method signature="deleteMembershiptest()[pri:0, instance:com.orangehrm.admin.memberships.MembershipsOperationAutomateTest@5745ca0e]" started-at="2024-03-15T12:36:42 IST" name="deleteMembershiptest" finished-at="2024-03-15T12:36:50 IST" duration-ms="8160" status="PASS">
          <reporter-output>
          </reporter-output>
        </test-method> <!-- deleteMembershiptest -->
        <test-method is-config="true" signature="closingBrowser()[pri:0, instance:com.orangehrm.admin.memberships.MembershipsOperationAutomateTest@5745ca0e]" started-at="2024-03-15T12:36:50 IST" name="closingBrowser" finished-at="2024-03-15T12:36:50 IST" duration-ms="204" status="PASS">
          <reporter-output>
          </reporter-output>
        </test-method> <!-- closingBrowser -->
      </class> <!-- com.orangehrm.admin.memberships.MembershipsOperationAutomateTest -->
    </test> <!-- Default test -->
  </suite> <!-- Default suite -->
</testng-results>
