<?xml version="1.0" encoding="UTF-8"?>
<!-- Generated by org.testng.reporters.JUnitXMLReporter -->
<testsuite ignored="4" hostname="DESKTOP-1S8TIOT" failures="0" tests="1" name="Default test" time="7.706" errors="0" timestamp="2024-03-15T14:39:21 IST">
  <testcase classname="com.orangehrm.leavemodule.LeaveManageAutomateTest" name="myLeaveUsageReport" time="7.579"/>
  <testcase classname="com.orangehrm.leavemodule.LeaveManageAutomateTest" name="assignleavetest" time="0.0">
    <ignored/>
  </testcase> <!-- assignleavetest -->
  <testcase classname="com.orangehrm.leavemodule.LeaveManageAutomateTest" name="myLeavetest" time="0.0">
    <ignored/>
  </testcase> <!-- myLeavetest -->
  <testcase classname="com.orangehrm.leavemodule.LeaveManageAutomateTest" name="leavelisttest" time="0.0">
    <ignored/>
  </testcase> <!-- leavelisttest -->
  <testcase classname="com.orangehrm.leavemodule.LeaveManageAutomateTest" name="leaveUsageReport" time="0.0">
    <ignored/>
  </testcase> <!-- leaveUsageReport -->
</testsuite> <!-- Default test -->
