<?xml version="1.0" encoding="UTF-8"?>
<testng-results ignored="0" total="1" passed="1" failed="0" skipped="0">
  <reporter-output>
  </reporter-output>
  <suite started-at="2024-02-29T14:31:46 IST" name="Default suite" finished-at="2024-02-29T14:31:48 IST" duration-ms="2405">
    <groups>
    </groups>
    <test started-at="2024-02-29T14:31:46 IST" name="Default test" finished-at="2024-02-29T14:31:48 IST" duration-ms="2405">
      <class name="schemavalidations.TestJsonSchemaValidation">
        <test-method signature="jsonSchemavalidation()[pri:0, instance:schemavalidations.TestJsonSchemaValidation@3cebbb30]" started-at="2024-02-29T14:31:46 IST" name="jsonSchemavalidation" finished-at="2024-02-29T14:31:48 IST" duration-ms="2365" status="PASS">
          <reporter-output>
          </reporter-output>
        </test-method> <!-- jsonSchemavalidation -->
      </class> <!-- schemavalidations.TestJsonSchemaValidation -->
    </test> <!-- Default test -->
  </suite> <!-- Default suite -->
</testng-results>
