<?xml version="1.0" encoding="UTF-8"?>
<!-- Generated by org.testng.reporters.JUnitXMLReporter -->
<testsuite ignored="0" hostname="DESKTOP-1S8TIOT" failures="0" tests="5" name="Test" time="51.31" errors="0" timestamp="2024-03-15T14:53:02 IST">
  <testcase classname="com.orangehrm.leavemodule.LeaveManageAutomateTest" name="assignleavetest" time="14.95"/>
  <testcase classname="com.orangehrm.leavemodule.LeaveManageAutomateTest" name="leaveUsageReport" time="8.903"/>
  <testcase classname="com.orangehrm.leavemodule.LeaveManageAutomateTest" name="leavelisttest" time="12.366"/>
  <testcase classname="com.orangehrm.leavemodule.LeaveManageAutomateTest" name="myLeaveUsageReport" time="6.58"/>
  <testcase classname="com.orangehrm.leavemodule.LeaveManageAutomateTest" name="myLeavetest" time="8.363"/>
</testsuite> <!-- Test -->
