<?xml version="1.0" encoding="UTF-8"?>
<!-- Generated by org.testng.reporters.JUnitXMLReporter -->
<testsuite ignored="0" hostname="DESKTOP-1S8TIOT" failures="0" tests="4" name="Test" time="15.255" errors="0" timestamp="2024-02-29T23:18:39 IST">
  <testcase classname="api.test.UserTests" name="testPostUser" time="4.959"/>
  <testcase classname="api.test.UserTests" name="testGetUserByName" time="2.021"/>
  <testcase classname="api.test.UserTests" name="testUpdateUserByName" time="4.692"/>
  <testcase classname="api.test.UserTests" name="testDeleteUserByName" time="2.98"/>
</testsuite> <!-- Test -->
