<?xml version="1.0" encoding="UTF-8"?>
<!-- Generated by org.testng.reporters.JUnitXMLReporter -->
<testsuite ignored="13" hostname="DESKTOP-1S8TIOT" failures="0" tests="1" name="Default test" time="5.998" errors="0" timestamp="2024-03-15T20:35:23 IST">
  <testcase classname="com.orangehrm.admin.AdminModuleAutomateTest" name="testLanguagenameAssertion" time="5.953"/>
  <testcase classname="com.orangehrm.admin.AdminModuleAutomateTest" name="testToAddJobCategory" time="0.0">
    <ignored/>
  </testcase> <!-- testToAddJobCategory -->
  <testcase classname="com.orangehrm.admin.AdminModuleAutomateTest" name="testToAddSkill" time="0.0">
    <ignored/>
  </testcase> <!-- testToAddSkill -->
  <testcase classname="com.orangehrm.admin.AdminModuleAutomateTest" name="testToAddLicense" time="0.0">
    <ignored/>
  </testcase> <!-- testToAddLicense -->
  <testcase classname="com.orangehrm.admin.AdminModuleAutomateTest" name="testToAddProvider" time="0.0">
    <ignored/>
  </testcase> <!-- testToAddProvider -->
  <testcase classname="com.orangehrm.admin.AdminModuleAutomateTest" name="testToAddLanguage" time="0.0">
    <ignored/>
  </testcase> <!-- testToAddLanguage -->
  <testcase classname="com.orangehrm.admin.AdminModuleAutomateTest" name="testToAddJobTitle" time="0.0">
    <ignored/>
  </testcase> <!-- testToAddJobTitle -->
  <testcase classname="com.orangehrm.admin.AdminModuleAutomateTest" name="testToAddUser" time="0.0">
    <ignored/>
  </testcase> <!-- testToAddUser -->
  <testcase classname="com.orangehrm.admin.AdminModuleAutomateTest" name="testToAddNationalities" time="0.0">
    <ignored/>
  </testcase> <!-- testToAddNationalities -->
  <testcase classname="com.orangehrm.admin.AdminModuleAutomateTest" name="testToAddEmailConfiguration" time="0.0">
    <ignored/>
  </testcase> <!-- testToAddEmailConfiguration -->
  <testcase classname="com.orangehrm.admin.AdminModuleAutomateTest" name="testToAddLocation" time="0.0">
    <ignored/>
  </testcase> <!-- testToAddLocation -->
  <testcase classname="com.orangehrm.admin.AdminModuleAutomateTest" name="testToAddPayGrade" time="0.0">
    <ignored/>
  </testcase> <!-- testToAddPayGrade -->
  <testcase classname="com.orangehrm.admin.AdminModuleAutomateTest" name="testToEmploymentStatus" time="0.0">
    <ignored/>
  </testcase> <!-- testToEmploymentStatus -->
  <testcase classname="com.orangehrm.admin.AdminModuleAutomateTest" name="testToAddEducation" time="0.0">
    <ignored/>
  </testcase> <!-- testToAddEducation -->
</testsuite> <!-- Default test -->
