<?xml version="1.0" encoding="UTF-8"?>
<!-- Generated by org.testng.reporters.JUnitXMLReporter -->
<testsuite ignored="10" hostname="DESKTOP-1S8TIOT" failures="0" tests="1" name="Default test" time="8.538" errors="0" timestamp="2024-03-02T20:27:48 IST">
  <testcase classname="com.attendancetracktests.ViewAttendanceHistoryTest" name="testToVerifyUserAttendanceHistory" time="8.478"/>
  <testcase classname="com.attendancetracktests.ViewAttendanceHistoryTest" name="testViewButtonInitiallyEnabled" time="0.0">
    <ignored/>
  </testcase> <!-- testViewButtonInitiallyEnabled -->
  <testcase classname="com.attendancetracktests.ViewAttendanceHistoryTest" name="testPresenceOfDatePicker" time="0.0">
    <ignored/>
  </testcase> <!-- testPresenceOfDatePicker -->
  <testcase classname="com.attendancetracktests.ViewAttendanceHistoryTest" name="testNavigationToMyRecords" time="0.0">
    <ignored/>
  </testcase> <!-- testNavigationToMyRecords -->
  <testcase classname="com.attendancetracktests.ViewAttendanceHistoryTest" name="TestDatePicker" time="0.0">
    <ignored/>
  </testcase> <!-- TestDatePicker -->
  <testcase classname="com.attendancetracktests.ViewAttendanceHistoryTest" name="testViewWithValidDateDisplaysRecords" time="0.0">
    <ignored/>
  </testcase> <!-- testViewWithValidDateDisplaysRecords -->
  <testcase classname="com.attendancetracktests.ViewAttendanceHistoryTest" name="testEnablingViewButtonWithValidDate" time="0.0">
    <ignored/>
  </testcase> <!-- testEnablingViewButtonWithValidDate -->
  <testcase classname="com.attendancetracktests.ViewAttendanceHistoryTest" name="testPresenceOfMyRecordsOption" time="0.0">
    <ignored/>
  </testcase> <!-- testPresenceOfMyRecordsOption -->
  <testcase classname="com.attendancetracktests.ViewAttendanceHistoryTest" name="testInvalidDateDisablesViewButton" time="0.0">
    <ignored/>
  </testcase> <!-- testInvalidDateDisablesViewButton -->
  <testcase classname="com.attendancetracktests.ViewAttendanceHistoryTest" name="testErrorOnViewWithoutDate" time="0.0">
    <ignored/>
  </testcase> <!-- testErrorOnViewWithoutDate -->
  <testcase classname="com.attendancetracktests.ViewAttendanceHistoryTest" name="testToShowUsersAttendanceHistory" time="0.0">
    <ignored/>
  </testcase> <!-- testToShowUsersAttendanceHistory -->
</testsuite> <!-- Default test -->
