<?xml version="1.0" encoding="UTF-8"?>
<!-- Generated by org.testng.reporters.JUnitXMLReporter -->
<testsuite ignored="0" hostname="DESKTOP-1S8TIOT" failures="0" tests="0" name="Test" time="0.019" errors="0" timestamp="2024-03-26T11:56:43 IST">
  <testcase classname="com.commonutils.BrowserUtils" name="@BeforeSuite launchBrowser" time="-1.71143440325E9">
    <failure type="java.lang.NullPointerException" message="Cannot invoke &amp;quot;java.util.Map.size()&amp;quot; because &amp;quot;m&amp;quot; is null">
      <![CDATA[java.lang.NullPointerException: Cannot invoke "java.util.Map.size()" because "m" is null
at java.base/java.util.HashMap.putMapEntries(HashMap.java:495)
at java.base/java.util.HashMap.putAll(HashMap.java:783)
... Removed 14 stack frames]]>
    </failure>
  </testcase> <!-- @BeforeSuite launchBrowser -->
</testsuite> <!-- Test -->
