<?xml version="1.0" encoding="UTF-8"?>
<!-- Generated by org.testng.reporters.JUnitXMLReporter -->
<testsuite ignored="0" hostname="DESKTOP-1S8TIOT" failures="1" tests="1" name="MyTest" time="3.751" errors="0" timestamp="2024-02-26T16:45:42 IST">
  <testcase classname="com.screenshotontestfail.DemoTestCase" name="lauchApp" time="3.332">
    <failure type="java.lang.AssertionError" message="expected [true] but found [false]">
      <![CDATA[java.lang.AssertionError: expected [true] but found [false]
at com.screenshotontestfail.DemoTestCase.lauchApp(DemoTestCase.java:13)
at java.base/java.util.ArrayList.forEach(ArrayList.java:1511)
... Removed 31 stack frames]]>
    </failure>
  </testcase> <!-- lauchApp -->
</testsuite> <!-- MyTest -->
