<?xml version="1.0" encoding="UTF-8"?>
<testng-results ignored="0" total="14" passed="14" failed="0" skipped="0">
  <reporter-output>
  </reporter-output>
  <suite started-at="2024-03-18T10:26:40 IST" name="Suite" finished-at="2024-03-18T10:28:09 IST" duration-ms="89128">
    <groups>
    </groups>
    <test started-at="2024-03-18T10:26:40 IST" name="Test" finished-at="2024-03-18T10:28:09 IST" duration-ms="89128">
      <class name="com.orangehrm.admin.AdminModuleAutomateTest">
        <test-method is-config="true" signature="launchBrowser()[pri:0, instance:com.orangehrm.admin.AdminModuleAutomateTest@451001e5]" started-at="2024-03-18T10:26:22 IST" name="launchBrowser" finished-at="2024-03-18T10:26:40 IST" duration-ms="18457" status="PASS">
          <reporter-output>
          </reporter-output>
        </test-method> <!-- launchBrowser -->
        <test-method signature="testLanguagenameAssertion()[pri:0, instance:com.orangehrm.admin.AdminModuleAutomateTest@451001e5]" started-at="2024-03-18T10:26:40 IST" name="testLanguagenameAssertion" finished-at="2024-03-18T10:26:46 IST" duration-ms="5929" status="PASS">
          <reporter-output>
          </reporter-output>
        </test-method> <!-- testLanguagenameAssertion -->
        <test-method signature="testToAddEducation()[pri:0, instance:com.orangehrm.admin.AdminModuleAutomateTest@451001e5]" started-at="2024-03-18T10:26:46 IST" name="testToAddEducation" finished-at="2024-03-18T10:26:52 IST" duration-ms="5681" status="PASS">
          <reporter-output>
          </reporter-output>
        </test-method> <!-- testToAddEducation -->
        <test-method signature="testToAddEmailConfiguration()[pri:0, instance:com.orangehrm.admin.AdminModuleAutomateTest@451001e5]" started-at="2024-03-18T10:26:52 IST" name="testToAddEmailConfiguration" finished-at="2024-03-18T10:26:56 IST" duration-ms="4329" status="PASS">
          <reporter-output>
          </reporter-output>
        </test-method> <!-- testToAddEmailConfiguration -->
        <test-method signature="testToAddJobCategory()[pri:0, instance:com.orangehrm.admin.AdminModuleAutomateTest@451001e5]" started-at="2024-03-18T10:26:56 IST" name="testToAddJobCategory" finished-at="2024-03-18T10:27:02 IST" duration-ms="5711" status="PASS">
          <reporter-output>
          </reporter-output>
        </test-method> <!-- testToAddJobCategory -->
        <test-method signature="testToAddJobTitle()[pri:0, instance:com.orangehrm.admin.AdminModuleAutomateTest@451001e5]" started-at="2024-03-18T10:27:02 IST" name="testToAddJobTitle" finished-at="2024-03-18T10:27:08 IST" duration-ms="5686" status="PASS">
          <reporter-output>
          </reporter-output>
        </test-method> <!-- testToAddJobTitle -->
        <test-method signature="testToAddLanguage()[pri:0, instance:com.orangehrm.admin.AdminModuleAutomateTest@451001e5]" started-at="2024-03-18T10:27:08 IST" name="testToAddLanguage" finished-at="2024-03-18T10:27:13 IST" duration-ms="5658" status="PASS">
          <reporter-output>
          </reporter-output>
        </test-method> <!-- testToAddLanguage -->
        <test-method signature="testToAddLicense()[pri:0, instance:com.orangehrm.admin.AdminModuleAutomateTest@451001e5]" started-at="2024-03-18T10:27:13 IST" name="testToAddLicense" finished-at="2024-03-18T10:27:19 IST" duration-ms="5906" status="PASS">
          <reporter-output>
          </reporter-output>
        </test-method> <!-- testToAddLicense -->
        <test-method signature="testToAddLocation()[pri:0, instance:com.orangehrm.admin.AdminModuleAutomateTest@451001e5]" started-at="2024-03-18T10:27:19 IST" name="testToAddLocation" finished-at="2024-03-18T10:27:28 IST" duration-ms="8387" status="PASS">
          <reporter-output>
          </reporter-output>
        </test-method> <!-- testToAddLocation -->
        <test-method signature="testToAddNationalities()[pri:0, instance:com.orangehrm.admin.AdminModuleAutomateTest@451001e5]" started-at="2024-03-18T10:27:28 IST" name="testToAddNationalities" finished-at="2024-03-18T10:27:34 IST" duration-ms="6134" status="PASS">
          <reporter-output>
          </reporter-output>
        </test-method> <!-- testToAddNationalities -->
        <test-method signature="testToAddPayGrade()[pri:0, instance:com.orangehrm.admin.AdminModuleAutomateTest@451001e5]" started-at="2024-03-18T10:27:34 IST" name="testToAddPayGrade" finished-at="2024-03-18T10:27:40 IST" duration-ms="5850" status="PASS">
          <reporter-output>
          </reporter-output>
        </test-method> <!-- testToAddPayGrade -->
        <test-method signature="testToAddProvider()[pri:0, instance:com.orangehrm.admin.AdminModuleAutomateTest@451001e5]" started-at="2024-03-18T10:27:40 IST" name="testToAddProvider" finished-at="2024-03-18T10:27:46 IST" duration-ms="5954" status="PASS">
          <reporter-output>
          </reporter-output>
        </test-method> <!-- testToAddProvider -->
        <test-method signature="testToAddSkill()[pri:0, instance:com.orangehrm.admin.AdminModuleAutomateTest@451001e5]" started-at="2024-03-18T10:27:46 IST" name="testToAddSkill" finished-at="2024-03-18T10:27:51 IST" duration-ms="5746" status="PASS">
          <reporter-output>
          </reporter-output>
        </test-method> <!-- testToAddSkill -->
        <test-method signature="testToAddUser()[pri:0, instance:com.orangehrm.admin.AdminModuleAutomateTest@451001e5]" started-at="2024-03-18T10:27:51 IST" name="testToAddUser" finished-at="2024-03-18T10:28:04 IST" duration-ms="12422" status="PASS">
          <reporter-output>
          </reporter-output>
        </test-method> <!-- testToAddUser -->
        <test-method signature="testToEmploymentStatus()[pri:0, instance:com.orangehrm.admin.AdminModuleAutomateTest@451001e5]" started-at="2024-03-18T10:28:04 IST" name="testToEmploymentStatus" finished-at="2024-03-18T10:28:09 IST" duration-ms="5572" status="PASS">
          <reporter-output>
          </reporter-output>
        </test-method> <!-- testToEmploymentStatus -->
        <test-method is-config="true" signature="closingBrowser()[pri:0, instance:com.orangehrm.admin.AdminModuleAutomateTest@451001e5]" started-at="2024-03-18T10:28:10 IST" name="closingBrowser" finished-at="2024-03-18T10:28:10 IST" duration-ms="231" status="PASS">
          <reporter-output>
          </reporter-output>
        </test-method> <!-- closingBrowser -->
      </class> <!-- com.orangehrm.admin.AdminModuleAutomateTest -->
    </test> <!-- Test -->
  </suite> <!-- Suite -->
</testng-results>
