<?xml version="1.0" encoding="UTF-8"?>
<testng-results ignored="0" total="2" passed="2" failed="0" skipped="0">
  <reporter-output>
  </reporter-output>
  <suite started-at="2024-03-26T12:02:18 IST" name="Suite" finished-at="2024-03-26T12:02:43 IST" duration-ms="24809">
    <groups>
    </groups>
    <test started-at="2024-03-26T12:02:18 IST" name="Test-1" finished-at="2024-03-26T12:02:33 IST" duration-ms="14062">
      <class name="com.orangehrm.crossbrowsertest.CrossBrowserLoginAutomateTest">
        <test-method is-config="true" signature="launchBrowser(java.lang.String)[pri:0, instance:com.orangehrm.crossbrowsertest.CrossBrowserLoginAutomateTest@247310d0]" started-at="2024-03-26T12:02:19 IST" name="launchBrowser" finished-at="2024-03-26T12:02:20 IST" duration-ms="1332" status="PASS">
          <params>
            <param index="0">
              <value>
                <![CDATA[chrome]]>
              </value>
            </param>
          </params>
          <reporter-output>
          </reporter-output>
        </test-method> <!-- launchBrowser -->
        <test-method signature="crossBrowsertest()[pri:0, instance:com.orangehrm.crossbrowsertest.CrossBrowserLoginAutomateTest@247310d0]" started-at="2024-03-26T12:02:20 IST" name="crossBrowsertest" finished-at="2024-03-26T12:02:32 IST" duration-ms="12375" status="PASS">
          <reporter-output>
          </reporter-output>
        </test-method> <!-- crossBrowsertest -->
        <test-method is-config="true" signature="closingBrowser()[pri:0, instance:com.orangehrm.crossbrowsertest.CrossBrowserLoginAutomateTest@247310d0]" started-at="2024-03-26T12:02:32 IST" name="closingBrowser" finished-at="2024-03-26T12:02:33 IST" duration-ms="302" status="PASS">
          <reporter-output>
          </reporter-output>
        </test-method> <!-- closingBrowser -->
      </class> <!-- com.orangehrm.crossbrowsertest.CrossBrowserLoginAutomateTest -->
    </test> <!-- Test-1 -->
    <test started-at="2024-03-26T12:02:33 IST" name="Test-2" finished-at="2024-03-26T12:02:43 IST" duration-ms="10537">
      <class name="com.orangehrm.crossbrowsertest.CrossBrowserLoginAutomateTest">
        <test-method is-config="true" signature="launchBrowser(java.lang.String)[pri:0, instance:com.orangehrm.crossbrowsertest.CrossBrowserLoginAutomateTest@6f204a1a]" started-at="2024-03-26T12:02:33 IST" name="launchBrowser" finished-at="2024-03-26T12:02:34 IST" duration-ms="1705" status="PASS">
          <params>
            <param index="0">
              <value>
                <![CDATA[edge]]>
              </value>
            </param>
          </params>
          <reporter-output>
          </reporter-output>
        </test-method> <!-- launchBrowser -->
        <test-method signature="crossBrowsertest()[pri:0, instance:com.orangehrm.crossbrowsertest.CrossBrowserLoginAutomateTest@6f204a1a]" started-at="2024-03-26T12:02:34 IST" name="crossBrowsertest" finished-at="2024-03-26T12:02:43 IST" duration-ms="8565" status="PASS">
          <reporter-output>
          </reporter-output>
        </test-method> <!-- crossBrowsertest -->
        <test-method is-config="true" signature="closingBrowser()[pri:0, instance:com.orangehrm.crossbrowsertest.CrossBrowserLoginAutomateTest@6f204a1a]" started-at="2024-03-26T12:02:43 IST" name="closingBrowser" finished-at="2024-03-26T12:02:43 IST" duration-ms="256" status="PASS">
          <reporter-output>
          </reporter-output>
        </test-method> <!-- closingBrowser -->
      </class> <!-- com.orangehrm.crossbrowsertest.CrossBrowserLoginAutomateTest -->
    </test> <!-- Test-2 -->
  </suite> <!-- Suite -->
</testng-results>
