<?xml version="1.0" encoding="UTF-8"?>
<!-- Generated by org.testng.reporters.JUnitXMLReporter -->
<testsuite ignored="0" hostname="DESKTOP-1S8TIOT" failures="0" tests="14" name="Test" time="89.128" errors="0" timestamp="2024-03-18T10:28:09 IST">
  <testcase classname="com.orangehrm.admin.AdminModuleAutomateTest" name="testLanguagenameAssertion" time="5.929"/>
  <testcase classname="com.orangehrm.admin.AdminModuleAutomateTest" name="testToAddEducation" time="5.681"/>
  <testcase classname="com.orangehrm.admin.AdminModuleAutomateTest" name="testToAddEmailConfiguration" time="4.329"/>
  <testcase classname="com.orangehrm.admin.AdminModuleAutomateTest" name="testToAddJobCategory" time="5.711"/>
  <testcase classname="com.orangehrm.admin.AdminModuleAutomateTest" name="testToAddJobTitle" time="5.686"/>
  <testcase classname="com.orangehrm.admin.AdminModuleAutomateTest" name="testToAddLanguage" time="5.658"/>
  <testcase classname="com.orangehrm.admin.AdminModuleAutomateTest" name="testToAddLicense" time="5.906"/>
  <testcase classname="com.orangehrm.admin.AdminModuleAutomateTest" name="testToAddLocation" time="8.387"/>
  <testcase classname="com.orangehrm.admin.AdminModuleAutomateTest" name="testToAddNationalities" time="6.134"/>
  <testcase classname="com.orangehrm.admin.AdminModuleAutomateTest" name="testToAddPayGrade" time="5.85"/>
  <testcase classname="com.orangehrm.admin.AdminModuleAutomateTest" name="testToAddProvider" time="5.954"/>
  <testcase classname="com.orangehrm.admin.AdminModuleAutomateTest" name="testToAddSkill" time="5.746"/>
  <testcase classname="com.orangehrm.admin.AdminModuleAutomateTest" name="testToAddUser" time="12.422"/>
  <testcase classname="com.orangehrm.admin.AdminModuleAutomateTest" name="testToEmploymentStatus" time="5.572"/>
</testsuite> <!-- Test -->
