<?xml version="1.0" encoding="UTF-8"?>
<!-- Generated by org.testng.reporters.JUnitXMLReporter -->
<testsuite ignored="0" hostname="DESKTOP-1S8TIOT" failures="0" tests="3" name="Test" time="26.254" errors="0" timestamp="2024-03-15T12:35:23 IST">
  <testcase classname="com.orangehrm.admin.memberships.MembershipsOperationAutomateTest" name="addMembershiptest" time="8.846"/>
  <testcase classname="com.orangehrm.admin.memberships.MembershipsOperationAutomateTest" name="deleteMembershiptest" time="7.972"/>
  <testcase classname="com.orangehrm.admin.memberships.MembershipsOperationAutomateTest" name="updateMembershiptest" time="9.316"/>
</testsuite> <!-- Test -->
