<?xml version="1.0" encoding="UTF-8"?>
<!-- Generated by org.testng.reporters.JUnitXMLReporter -->
<testsuite ignored="0" hostname="DESKTOP-1S8TIOT" failures="1" tests="3" name="Test" time="26.937" errors="0" timestamp="2024-03-13T15:44:46 IST">
  <testcase classname="com.orangehrm.admin.memberships.MembershipsOperationAutomateTest" name="addMembershiptest" time="8.601"/>
  <testcase classname="com.orangehrm.admin.memberships.MembershipsOperationAutomateTest" name="deleteMembershiptest" time="8.142">
    <failure type="java.lang.AssertionError">
      <![CDATA[java.lang.AssertionError: 
at com.orangehrm.admin.memberships.MembershipsOperationAutomateTest.deleteMembershiptest(MembershipsOperationAutomateTest.java:55)
at java.base/java.util.ArrayList.forEach(ArrayList.java:1511)
... Removed 30 stack frames]]>
    </failure>
  </testcase> <!-- deleteMembershiptest -->
  <testcase classname="com.orangehrm.admin.memberships.MembershipsOperationAutomateTest" name="editMembershiptest" time="9.811"/>
</testsuite> <!-- Test -->
