<?xml version="1.0" encoding="UTF-8"?>
<!-- Generated by org.testng.reporters.JUnitXMLReporter -->
<testsuite ignored="1" hostname="DESKTOP-1S8TIOT" failures="0" tests="5" name="Default test" time="16.577" errors="0" timestamp="2024-02-29T23:05:48 IST">
  <testcase classname="api.test.DDTests" name="testPostuser" time="3.832"/>
  <testcase classname="api.test.DDTests" name="testPostuser" time="5.739"/>
  <testcase classname="api.test.DDTests" name="testPostuser" time="2.49"/>
  <testcase classname="api.test.DDTests" name="testPostuser" time="2.382"/>
  <testcase classname="api.test.DDTests" name="testPostuser" time="1.385"/>
  <testcase classname="api.test.DDTests" name="testDeleteUserByName" time="0.0">
    <ignored/>
  </testcase> <!-- testDeleteUserByName -->
</testsuite> <!-- Default test -->
