<?xml version="1.0" encoding="UTF-8"?>
<testng-results ignored="0" total="15" passed="14" failed="1" skipped="0">
  <reporter-output>
  </reporter-output>
  <suite started-at="2024-03-05T16:16:05 IST" name="Suite" finished-at="2024-03-05T16:17:38 IST" duration-ms="93209">
    <groups>
    </groups>
    <test started-at="2024-03-05T16:16:05 IST" name="Test" finished-at="2024-03-05T16:17:38 IST" duration-ms="93209">
      <class name="com.testattendancetracking.AttendanceReportsValidationTest">
        <test-method signature="testNavigationToAttendancReporttab()[pri:0, instance:com.testattendancetracking.AttendanceReportsValidationTest@2b30a42c]" started-at="2024-03-05T16:16:43 IST" name="testNavigationToAttendancReporttab" finished-at="2024-03-05T16:16:44 IST" duration-ms="1061" status="PASS">
          <reporter-output>
          </reporter-output>
        </test-method> <!-- testNavigationToAttendancReporttab -->
        <test-method signature="testToShowUserAttendanceReport()[pri:0, instance:com.testattendancetracking.AttendanceReportsValidationTest@2b30a42c]" started-at="2024-03-05T16:16:44 IST" name="testToShowUserAttendanceReport" finished-at="2024-03-05T16:16:52 IST" duration-ms="7952" status="PASS">
          <reporter-output>
          </reporter-output>
        </test-method> <!-- testToShowUserAttendanceReport -->
        <test-method signature="testToVerifyUserAttendanceInReports()[pri:0, instance:com.testattendancetracking.AttendanceReportsValidationTest@2b30a42c]" started-at="2024-03-05T16:16:52 IST" name="testToVerifyUserAttendanceInReports" finished-at="2024-03-05T16:17:18 IST" duration-ms="25532" status="PASS">
          <reporter-output>
          </reporter-output>
        </test-method> <!-- testToVerifyUserAttendanceInReports -->
        <test-method signature="testToVerifyUserNameInReports()[pri:0, instance:com.testattendancetracking.AttendanceReportsValidationTest@2b30a42c]" started-at="2024-03-05T16:17:18 IST" name="testToVerifyUserNameInReports" finished-at="2024-03-05T16:17:38 IST" duration-ms="20340" status="PASS">
          <reporter-output>
          </reporter-output>
        </test-method> <!-- testToVerifyUserNameInReports -->
      </class> <!-- com.testattendancetracking.AttendanceReportsValidationTest -->
      <class name="com.testattendancetracking.ViewAttendanceHistoryTest">
        <test-method is-config="true" signature="launchBrowser()[pri:0, instance:com.testattendancetracking.ViewAttendanceHistoryTest@6be968ce]" started-at="2024-03-05T16:15:18 IST" name="launchBrowser" finished-at="2024-03-05T16:16:05 IST" duration-ms="46875" status="PASS">
          <reporter-output>
          </reporter-output>
        </test-method> <!-- launchBrowser -->
        <test-method signature="TestDatePicker()[pri:0, instance:com.testattendancetracking.ViewAttendanceHistoryTest@6be968ce]" started-at="2024-03-05T16:16:05 IST" name="TestDatePicker" finished-at="2024-03-05T16:16:06 IST" duration-ms="1393" status="PASS">
          <reporter-output>
          </reporter-output>
        </test-method> <!-- TestDatePicker -->
        <test-method signature="testEnablingViewButtonWithValidDate()[pri:0, instance:com.testattendancetracking.ViewAttendanceHistoryTest@6be968ce]" started-at="2024-03-05T16:16:06 IST" name="testEnablingViewButtonWithValidDate" finished-at="2024-03-05T16:16:13 IST" duration-ms="6470" status="PASS">
          <reporter-output>
          </reporter-output>
        </test-method> <!-- testEnablingViewButtonWithValidDate -->
        <test-method signature="testErrorOnViewWithoutDate()[pri:0, instance:com.testattendancetracking.ViewAttendanceHistoryTest@6be968ce]" started-at="2024-03-05T16:16:13 IST" name="testErrorOnViewWithoutDate" finished-at="2024-03-05T16:16:14 IST" duration-ms="1388" status="PASS">
          <reporter-output>
          </reporter-output>
        </test-method> <!-- testErrorOnViewWithoutDate -->
        <test-method signature="testInvalidDateDisablesViewButton()[pri:0, instance:com.testattendancetracking.ViewAttendanceHistoryTest@6be968ce]" started-at="2024-03-05T16:16:14 IST" name="testInvalidDateDisablesViewButton" finished-at="2024-03-05T16:16:15 IST" duration-ms="1256" status="FAIL">
          <exception class="java.lang.AssertionError">
            <message>
              <![CDATA[View button is enabled for an invalid date]]>
            </message>
            <full-stacktrace>
              <![CDATA[java.lang.AssertionError: View button is enabled for an invalid date
at com.testattendancetracking.ViewAttendanceHistoryTest.testInvalidDateDisablesViewButton(ViewAttendanceHistoryTest.java:152)
at java.base/jdk.internal.reflect.NativeMethodAccessorImpl.invoke0(Native Method)
at java.base/jdk.internal.reflect.NativeMethodAccessorImpl.invoke(NativeMethodAccessorImpl.java:77)
at java.base/jdk.internal.reflect.DelegatingMethodAccessorImpl.invoke(DelegatingMethodAccessorImpl.java:43)
at java.base/java.lang.reflect.Method.invoke(Method.java:568)
at org.testng.internal.invokers.MethodInvocationHelper.invokeMethod(MethodInvocationHelper.java:139)
at org.testng.internal.invokers.TestInvoker.invokeMethod(TestInvoker.java:664)
at org.testng.internal.invokers.TestInvoker.invokeTestMethod(TestInvoker.java:228)
at org.testng.internal.invokers.MethodRunner.runInSequence(MethodRunner.java:63)
at org.testng.internal.invokers.TestInvoker$MethodInvocationAgent.invoke(TestInvoker.java:961)
at org.testng.internal.invokers.TestInvoker.invokeTestMethods(TestInvoker.java:201)
at org.testng.internal.invokers.TestMethodWorker.invokeTestMethods(TestMethodWorker.java:148)
at org.testng.internal.invokers.TestMethodWorker.run(TestMethodWorker.java:128)
at java.base/java.util.ArrayList.forEach(ArrayList.java:1511)
at org.testng.TestRunner.privateRun(TestRunner.java:819)
at org.testng.TestRunner.run(TestRunner.java:619)
at org.testng.SuiteRunner.runTest(SuiteRunner.java:443)
at org.testng.SuiteRunner.runSequentially(SuiteRunner.java:437)
at org.testng.SuiteRunner.privateRun(SuiteRunner.java:397)
at org.testng.SuiteRunner.run(SuiteRunner.java:336)
at org.testng.SuiteRunnerWorker.runSuite(SuiteRunnerWorker.java:52)
at org.testng.SuiteRunnerWorker.run(SuiteRunnerWorker.java:95)
at org.testng.TestNG.runSuitesSequentially(TestNG.java:1301)
at org.testng.TestNG.runSuitesLocally(TestNG.java:1228)
at org.testng.TestNG.runSuites(TestNG.java:1134)
at org.testng.TestNG.run(TestNG.java:1101)
at org.testng.remote.AbstractRemoteTestNG.run(AbstractRemoteTestNG.java:115)
at org.testng.remote.RemoteTestNG.initAndRun(RemoteTestNG.java:251)
at org.testng.remote.RemoteTestNG.main(RemoteTestNG.java:77)
]]>
            </full-stacktrace>
          </exception> <!-- java.lang.AssertionError -->
          <reporter-output>
          </reporter-output>
        </test-method> <!-- testInvalidDateDisablesViewButton -->
        <test-method signature="testNavigationToMyRecords()[pri:0, instance:com.testattendancetracking.ViewAttendanceHistoryTest@6be968ce]" started-at="2024-03-05T16:16:15 IST" name="testNavigationToMyRecords" finished-at="2024-03-05T16:16:17 IST" duration-ms="1083" status="PASS">
          <reporter-output>
          </reporter-output>
        </test-method> <!-- testNavigationToMyRecords -->
        <test-method signature="testPresenceOfDatePicker()[pri:0, instance:com.testattendancetracking.ViewAttendanceHistoryTest@6be968ce]" started-at="2024-03-05T16:16:17 IST" name="testPresenceOfDatePicker" finished-at="2024-03-05T16:16:18 IST" duration-ms="1198" status="PASS">
          <reporter-output>
          </reporter-output>
        </test-method> <!-- testPresenceOfDatePicker -->
        <test-method signature="testPresenceOfMyRecordsOption()[pri:0, instance:com.testattendancetracking.ViewAttendanceHistoryTest@6be968ce]" started-at="2024-03-05T16:16:18 IST" name="testPresenceOfMyRecordsOption" finished-at="2024-03-05T16:16:19 IST" duration-ms="1073" status="PASS">
          <reporter-output>
          </reporter-output>
        </test-method> <!-- testPresenceOfMyRecordsOption -->
        <test-method signature="testToShowUsersAttendanceHistory()[pri:0, instance:com.testattendancetracking.ViewAttendanceHistoryTest@6be968ce]" started-at="2024-03-05T16:16:19 IST" name="testToShowUsersAttendanceHistory" finished-at="2024-03-05T16:16:35 IST" duration-ms="15875" status="PASS">
          <reporter-output>
          </reporter-output>
        </test-method> <!-- testToShowUsersAttendanceHistory -->
        <test-method signature="testToVerifyUserAttendanceHistory()[pri:0, instance:com.testattendancetracking.ViewAttendanceHistoryTest@6be968ce]" started-at="2024-03-05T16:16:35 IST" name="testToVerifyUserAttendanceHistory" finished-at="2024-03-05T16:16:41 IST" duration-ms="5923" status="PASS">
          <reporter-output>
          </reporter-output>
        </test-method> <!-- testToVerifyUserAttendanceHistory -->
        <test-method signature="testViewButtonInitiallyEnabled()[pri:0, instance:com.testattendancetracking.ViewAttendanceHistoryTest@6be968ce]" started-at="2024-03-05T16:16:41 IST" name="testViewButtonInitiallyEnabled" finished-at="2024-03-05T16:16:42 IST" duration-ms="1212" status="PASS">
          <reporter-output>
          </reporter-output>
        </test-method> <!-- testViewButtonInitiallyEnabled -->
        <test-method signature="testViewWithValidDateDisplaysRecords()[pri:0, instance:com.testattendancetracking.ViewAttendanceHistoryTest@6be968ce]" started-at="2024-03-05T16:16:42 IST" name="testViewWithValidDateDisplaysRecords" finished-at="2024-03-05T16:16:43 IST" duration-ms="1341" status="PASS">
          <reporter-output>
          </reporter-output>
        </test-method> <!-- testViewWithValidDateDisplaysRecords -->
        <test-method is-config="true" signature="closingBrowser()[pri:0, instance:com.testattendancetracking.ViewAttendanceHistoryTest@6be968ce]" started-at="2024-03-05T16:17:38 IST" name="closingBrowser" finished-at="2024-03-05T16:17:38 IST" duration-ms="172" status="PASS">
          <reporter-output>
          </reporter-output>
        </test-method> <!-- closingBrowser -->
      </class> <!-- com.testattendancetracking.ViewAttendanceHistoryTest -->
    </test> <!-- Test -->
  </suite> <!-- Suite -->
</testng-results>
