<?xml version="1.0" encoding="UTF-8"?>
<testng-results ignored="0" total="1" passed="1" failed="0" skipped="0">
  <reporter-output>
  </reporter-output>
  <suite started-at="2024-03-23T14:07:17 IST" name="Default suite" finished-at="2024-03-23T14:07:58 IST" duration-ms="40375">
    <groups>
    </groups>
    <test started-at="2024-03-23T14:07:17 IST" name="Default test" finished-at="2024-03-23T14:07:58 IST" duration-ms="40375">
      <class name="com.fnp.FnpAutomateTest">
        <test-method is-config="true" signature="launchBrowser()[pri:0, instance:com.fnp.FnpAutomateTest@790da477]" started-at="2024-03-23T14:07:17 IST" name="launchBrowser" finished-at="2024-03-23T14:07:20 IST" duration-ms="2828" status="PASS">
          <reporter-output>
          </reporter-output>
        </test-method> <!-- launchBrowser -->
        <test-method signature="addToCarttest()[pri:0, instance:com.fnp.FnpAutomateTest@790da477]" started-at="2024-03-23T14:07:20 IST" name="addToCarttest" finished-at="2024-03-23T14:07:57 IST" duration-ms="37089" status="PASS">
          <reporter-output>
          </reporter-output>
        </test-method> <!-- addToCarttest -->
        <test-method is-config="true" signature="closingBrowser()[pri:0, instance:com.fnp.FnpAutomateTest@790da477]" started-at="2024-03-23T14:07:57 IST" name="closingBrowser" finished-at="2024-03-23T14:07:58 IST" duration-ms="402" status="PASS">
          <reporter-output>
          </reporter-output>
        </test-method> <!-- closingBrowser -->
      </class> <!-- com.fnp.FnpAutomateTest -->
    </test> <!-- Default test -->
  </suite> <!-- Default suite -->
</testng-results>
