<?xml version="1.0" encoding="UTF-8"?>
<testng-results ignored="0" total="1" passed="1" failed="0" skipped="0">
  <reporter-output>
  </reporter-output>
  <suite started-at="2024-03-22T11:09:08 IST" name="Default suite" finished-at="2024-03-22T11:09:45 IST" duration-ms="37215">
    <groups>
    </groups>
    <test started-at="2024-03-22T11:09:08 IST" name="Default test" finished-at="2024-03-22T11:09:45 IST" duration-ms="37215">
      <class name="com.fnp.FnpAutomateTest">
        <test-method is-config="true" signature="launchBrowser()[pri:0, instance:com.fnp.FnpAutomateTest@790da477]" started-at="2024-03-22T11:09:08 IST" name="launchBrowser" finished-at="2024-03-22T11:09:09 IST" duration-ms="1350" status="PASS">
          <reporter-output>
          </reporter-output>
        </test-method> <!-- launchBrowser -->
        <test-method signature="addToCarttest()[pri:0, instance:com.fnp.FnpAutomateTest@790da477]" started-at="2024-03-22T11:09:10 IST" name="addToCarttest" finished-at="2024-03-22T11:09:45 IST" duration-ms="35478" status="PASS">
          <reporter-output>
          </reporter-output>
        </test-method> <!-- addToCarttest -->
        <test-method is-config="true" signature="closingBrowser()[pri:0, instance:com.fnp.FnpAutomateTest@790da477]" started-at="2024-03-22T11:09:45 IST" name="closingBrowser" finished-at="2024-03-22T11:09:45 IST" duration-ms="333" status="PASS">
          <reporter-output>
          </reporter-output>
        </test-method> <!-- closingBrowser -->
      </class> <!-- com.fnp.FnpAutomateTest -->
    </test> <!-- Default test -->
  </suite> <!-- Default suite -->
</testng-results>
