<?xml version="1.0" encoding="UTF-8"?>
<testng-results ignored="0" total="1" passed="1" failed="0" skipped="0">
  <reporter-output>
  </reporter-output>
  <suite started-at="2024-02-29T15:21:32 IST" name="Default suite" finished-at="2024-02-29T15:21:33 IST" duration-ms="270">
    <groups>
    </groups>
    <test started-at="2024-02-29T15:21:32 IST" name="Default test" finished-at="2024-02-29T15:21:33 IST" duration-ms="270">
      <class name="testauthentications.TestFakerDataGeneration">
        <test-method signature="testGenerateDummyData()[pri:0, instance:testauthentications.TestFakerDataGeneration@942a29c]" started-at="2024-02-29T15:21:32 IST" name="testGenerateDummyData" finished-at="2024-02-29T15:21:33 IST" duration-ms="229" status="PASS">
          <reporter-output>
          </reporter-output>
        </test-method> <!-- testGenerateDummyData -->
      </class> <!-- testauthentications.TestFakerDataGeneration -->
    </test> <!-- Default test -->
  </suite> <!-- Default suite -->
</testng-results>
