<?xml version="1.0" encoding="UTF-8"?>
<!-- Generated by org.testng.reporters.JUnitXMLReporter -->
<testsuite ignored="4" hostname="DESKTOP-1S8TIOT" failures="0" tests="1" name="Default test" time="10.015" errors="0" timestamp="2024-03-13T14:27:28 IST">
  <testcase classname="com.orangehrm.admin.memberships.LeaveManageAutomateTest" name="TestErrorPromptForNoUpdation" time="9.885"/>
  <testcase classname="com.orangehrm.admin.memberships.LeaveManageAutomateTest" name="deleteMembershiptest" time="0.0">
    <ignored/>
  </testcase> <!-- deleteMembershiptest -->
  <testcase classname="com.orangehrm.admin.memberships.LeaveManageAutomateTest" name="addMembershiptest" time="0.0">
    <ignored/>
  </testcase> <!-- addMembershiptest -->
  <testcase classname="com.orangehrm.admin.memberships.LeaveManageAutomateTest" name="testToShowErrorWithEmptyName" time="0.0">
    <ignored/>
  </testcase> <!-- testToShowErrorWithEmptyName -->
  <testcase classname="com.orangehrm.admin.memberships.LeaveManageAutomateTest" name="editMembershiptest" time="0.0">
    <ignored/>
  </testcase> <!-- editMembershiptest -->
</testsuite> <!-- Default test -->
