<?xml version="1.0" encoding="UTF-8"?>
<!-- Generated by org.testng.reporters.JUnitXMLReporter -->
<testsuite ignored="0" hostname="DESKTOP-1S8TIOT" failures="0" tests="3" name="Default test" time="25.88" errors="0" timestamp="2024-03-13T18:03:26 IST">
  <testcase classname="com.orangehrm.admin.memberships.MembershipsOperationAutomateTest" name="addMembershiptest" time="8.723"/>
  <testcase classname="com.orangehrm.admin.memberships.MembershipsOperationAutomateTest" name="deleteMembershiptest" time="7.996"/>
  <testcase classname="com.orangehrm.admin.memberships.MembershipsOperationAutomateTest" name="updateMembershiptest" time="9.025"/>
</testsuite> <!-- Default test -->
