<?xml version="1.0" encoding="UTF-8"?>
<testng-results ignored="0" total="4" passed="4" failed="0" skipped="0">
  <reporter-output>
  </reporter-output>
  <suite started-at="2024-02-29T23:18:23 IST" name="Suite" finished-at="2024-02-29T23:18:38 IST" duration-ms="15255">
    <groups>
    </groups>
    <test started-at="2024-02-29T23:18:23 IST" name="Test" finished-at="2024-02-29T23:18:38 IST" duration-ms="15255">
      <class name="api.test.UserTests">
        <test-method is-config="true" signature="setupData()[pri:0, instance:api.test.UserTests@1a942c18]" started-at="2024-02-29T23:18:23 IST" name="setupData" finished-at="2024-02-29T23:18:24 IST" duration-ms="228" status="PASS">
          <reporter-output>
          </reporter-output>
        </test-method> <!-- setupData -->
        <test-method signature="testPostUser()[pri:1, instance:api.test.UserTests@1a942c18]" started-at="2024-02-29T23:18:24 IST" name="testPostUser" finished-at="2024-02-29T23:18:28 IST" duration-ms="4959" status="PASS">
          <reporter-output>
          </reporter-output>
        </test-method> <!-- testPostUser -->
        <test-method signature="testGetUserByName()[pri:2, instance:api.test.UserTests@1a942c18]" started-at="2024-02-29T23:18:29 IST" name="testGetUserByName" finished-at="2024-02-29T23:18:31 IST" duration-ms="2021" status="PASS">
          <reporter-output>
          </reporter-output>
        </test-method> <!-- testGetUserByName -->
        <test-method signature="testUpdateUserByName()[pri:3, instance:api.test.UserTests@1a942c18]" started-at="2024-02-29T23:18:31 IST" name="testUpdateUserByName" finished-at="2024-02-29T23:18:35 IST" duration-ms="4692" status="PASS">
          <reporter-output>
          </reporter-output>
        </test-method> <!-- testUpdateUserByName -->
        <test-method signature="testDeleteUserByName()[pri:4, instance:api.test.UserTests@1a942c18]" started-at="2024-02-29T23:18:35 IST" name="testDeleteUserByName" finished-at="2024-02-29T23:18:38 IST" duration-ms="2980" status="PASS">
          <reporter-output>
          </reporter-output>
        </test-method> <!-- testDeleteUserByName -->
      </class> <!-- api.test.UserTests -->
    </test> <!-- Test -->
  </suite> <!-- Suite -->
</testng-results>
